2025-06-14 00:01:35,728 - INFO - File Existed!:faang_stock_data.xlsx. Process will be skipped
2025-06-14 00:01:53,129 - INFO - File Existed!:faang_stock_data.xlsx. Process will be skipped
2025-06-14 00:02:44,522 - INFO - File Existed!:faang_stock_data.xlsx. Process will be skipped
2025-06-14 00:03:10,445 - INFO - File Existed!:faang_stock_data.xlsx. Process will be skipped
2025-06-14 00:03:33,767 - INFO - File Existed!:faang_stock_data.xlsx. Process will be skipped
2025-06-14 00:04:49,395 - INFO - File Existed!:faang_stock_data.xlsx. Process will be skipped
2025-06-14 00:05:40,217 - INFO - File Existed!:faang_stock_data.xlsx. Process will be skipped
2025-06-14 00:09:14,218 - INFO - File Existed!:faang_stock_data.xlsx. Process will be skipped
2025-06-14 00:11:45,559 - INFO - File Existed!:faang_stock_data.xlsx. Process will be skipped
2025-06-14 00:11:53,177 - INFO - File Existed!:faang_stock_data.xlsx. Process will be skipped
2025-06-14 00:12:06,164 - INFO - File Existed!:faang_stock_data.xlsx. Process will be skipped
2025-06-14 00:12:27,944 - INFO - File Existed!:faang_stock_data.xlsx. Process will be skipped
2025-06-14 00:12:28,073 - INFO - Dash is running on http://127.0.0.1:8050/

2025-06-14 00:12:29,045 - INFO - File Existed!:faang_stock_data.xlsx. Process will be skipped
2025-06-14 00:14:01,012 - INFO - File Existed!:faang_stock_data.xlsx. Process will be skipped
2025-06-14 00:14:08,735 - INFO - File Existed!:faang_stock_data.xlsx. Process will be skipped
2025-06-14 00:14:26,769 - INFO - File Existed!:faang_stock_data.xlsx. Process will be skipped
2025-06-14 00:14:27,296 - INFO - Dash is running on http://127.0.0.1:8050/

2025-06-14 00:14:33,436 - INFO - File Existed!:faang_stock_data.xlsx. Process will be skipped
2025-06-14 00:14:33,567 - INFO - Dash is running on http://127.0.0.1:8050/

2025-06-14 00:14:34,447 - INFO - File Existed!:faang_stock_data.xlsx. Process will be skipped
2025-06-14 00:15:59,527 - INFO - Start downloading FAANG stock data...
2025-06-14 00:16:00,507 - INFO - downloaded successfully and save as faang_stock_data_20250614.xlsx
2025-06-14 00:16:15,962 - INFO - File Existed!:faang_stock_data_20250614.xlsx. Process will be skipped
2025-06-14 00:16:16,108 - INFO - Dash is running on http://127.0.0.1:8050/

2025-06-14 00:16:17,002 - INFO - File Existed!:faang_stock_data_20250614.xlsx. Process will be skipped
